<INFO> 3-Oct-2018::14:29:46.613 dagobah confd[5354]: - Writing daemon log to /home/etu/Téléchargements/dhcpd/confd.log
<INFO> 3-Oct-2018::14:29:46.615 dagobah confd[5354]: - Writing NETCONF log to /home/etu/Téléchargements/dhcpd/netconf.log
<INFO> 3-Oct-2018::14:29:46.615 dagobah confd[5354]: - Writing audit log to /home/etu/Téléchargements/dhcpd/audit.log
<INFO> 3-Oct-2018::14:29:46.615 dagobah confd[5354]: - Daemon logging started
<INFO> 3-Oct-2018::14:29:46.615 dagobah confd[5354]: - Writing developer log to /home/etu/Téléchargements/dhcpd/devel.log
<DEBUG> 3-Oct-2018::14:29:46.625 dagobah confd[5354]: - Loading file /home/etu/confd-6.4/etc/confd/ietf-netconf-monitoring.fxs
<DEBUG> 3-Oct-2018::14:29:46.625 dagobah confd[5354]: - Loading file /home/etu/confd-6.4/etc/confd/tailf-common-monitoring.fxs
<DEBUG> 3-Oct-2018::14:29:46.626 dagobah confd[5354]: - Loading file /home/etu/confd-6.4/etc/confd/ietf-netconf-acm.fxs
<DEBUG> 3-Oct-2018::14:29:46.626 dagobah confd[5354]: - Loading file /home/etu/confd-6.4/etc/confd/iana-crypt-hash.fxs
<DEBUG> 3-Oct-2018::14:29:46.626 dagobah confd[5354]: - Loading file /home/etu/confd-6.4/etc/confd/ietf-yang-library.fxs
<DEBUG> 3-Oct-2018::14:29:46.627 dagobah confd[5354]: - Loading file /home/etu/confd-6.4/etc/confd/ietf-netconf-notifications.fxs
<DEBUG> 3-Oct-2018::14:29:46.627 dagobah confd[5354]: - Loading file ./dhcpd.fxs
<DEBUG> 3-Oct-2018::14:29:46.628 dagobah confd[5354]: - Loading file /home/etu/confd-6.4/etc/confd/tailf-netconf-monitoring.fxs
<DEBUG> 3-Oct-2018::14:29:46.628 dagobah confd[5354]: - Loading file /home/etu/confd-6.4/etc/confd/tailf-confd-monitoring.fxs
<DEBUG> 3-Oct-2018::14:29:46.629 dagobah confd[5354]: - Loading file /home/etu/confd-6.4/etc/confd/tailf-acm.fxs
<DEBUG> 3-Oct-2018::14:29:46.630 dagobah confd[5354]: - Loading file /home/etu/confd-6.4/etc/confd/tailf-rollback.fxs
<DEBUG> 3-Oct-2018::14:29:46.630 dagobah confd[5354]: - Loading file /home/etu/confd-6.4/etc/confd/tailf-kicker.fxs
<DEBUG> 3-Oct-2018::14:29:46.631 dagobah confd[5354]: - Loading file /home/etu/confd-6.4/etc/confd/tailf-aaa.fxs
<DEBUG> 3-Oct-2018::14:29:46.636 dagobah confd[5354]: - Loading file /home/etu/confd-6.4/etc/confd/confd.ccl
<INFO> 3-Oct-2018::14:29:46.693 dagobah confd[5354]: - Starting to listen for Internal IPC on 127.0.0.1:4565
<INFO> 3-Oct-2018::14:29:46.944 dagobah confd[5354]: - CDB load: processing file: ./confd-cdb/aaa_init.xml
<INFO> 3-Oct-2018::14:29:47.047 dagobah confd[5354]: - Starting to listen for NETCONF TCP on 0.0.0.0:2023
<INFO> 3-Oct-2018::14:29:47.077 dagobah confd[5354]: - Starting to listen for CLI SSH on 0.0.0.0:2024
<INFO> 3-Oct-2018::14:29:47.181 dagobah confd[5354]: - ConfD started vsn: 6.4
